
Dec 12, 2022 16:34:47.80 NEW SESSION
Dec 12, 2022 16:34:47.80 [10188:9156:1212/163447.072:ERROR:assistance_home_client.cc(32)] File path C:\Users\ADMIN\AppData\Local\Microsoft\Edge\User Data\Default
Dec 12, 2022 16:34:54.533 [10188:9156:1212/163454.529:ERROR:device_event_log_impl.cc(215)] [16:34:54.529] USB: usb_device_handle_win.cc:1045 Failed to read descriptor from node connection: A device attached to the system is not functioning. (0x1F)
Dec 12, 2022 16:35:16.273 [10188:9156:1212/163516.272:ERROR:smartscreen_dns_resolver.cc(110)] SmartScreenDnsResolver::OnComplete Error: -7 DidTimeOut: 1 URL: https://ntp.msn.com/edge/ntp?locale=en-US&title=New%20tab&dsp=1&sp=Bing&prerender=1
Dec 12, 2022 16:35:51.270 [10188:528:1212/163551.270:ERROR:util.cc(139)] Can't create base directory: C:\Program Files\Microsoft\EdgeUpdater
Dec 12, 2022 17:46:51.348 [10188:9156:1212/174651.348:ERROR:smartscreen_dns_resolver.cc(110)] SmartScreenDnsResolver::OnComplete Error: -105 DidTimeOut: 0 URL: https://ntp.msn.com/edge/ntp?locale=en-US&title=New%20tab&dsp=1&sp=Bing&prerender=1
Dec 12, 2022 17:46:52.126 [10188:9156:1212/174652.125:ERROR:fallback_task_provider.cc(124)] Every renderer should have at least one task provided by a primary task provider. If a "Renderer" fallback task is shown, it is a bug. If you have repro steps, please file a new bug and tag it as a dependency of crbug.com/739782.
Dec 12, 2022 17:47:02.431 [10188:9156:1212/174702.431:ERROR:smartscreen_dns_resolver.cc(110)] SmartScreenDnsResolver::OnComplete Error: -105 DidTimeOut: 0 URL: https://ntp.msn.com/edge/ntp?locale=en-US&title=New%20tab&dsp=1&sp=Bing&prerender=1
Dec 12, 2022 17:47:03.179 [10188:9156:1212/174703.177:ERROR:fallback_task_provider.cc(124)] Every renderer should have at least one task provided by a primary task provider. If a "Renderer" fallback task is shown, it is a bug. If you have repro steps, please file a new bug and tag it as a dependency of crbug.com/739782.
Dec 12, 2022 17:47:07.282 [10188:9156:1212/174707.281:ERROR:smartscreen_dns_resolver.cc(110)] SmartScreenDnsResolver::OnComplete Error: -105 DidTimeOut: 0 URL: https://ntp.msn.com/edge/ntp?locale=en-US&title=New%20tab&dsp=1&sp=Bing&prerender=1
Dec 12, 2022 17:47:11.282 [10188:9156:1212/174711.282:ERROR:smartscreen_dns_resolver.cc(110)] SmartScreenDnsResolver::OnComplete Error: -105 DidTimeOut: 0 URL: https://ntp.msn.com/edge/ntp?locale=en-US&title=New%20tab&dsp=1&sp=Bing&prerender=1
Dec 12, 2022 17:53:15.614 [10188:9156:1212/175315.613:ERROR:smartscreen_dns_resolver.cc(110)] SmartScreenDnsResolver::OnComplete Error: -105 DidTimeOut: 0 URL: https://ntp.msn.com/edge/ntp?locale=en-US&title=New%20tab&dsp=1&sp=Bing&prerender=1
Dec 12, 2022 17:53:17.393 [10188:9156:1212/175317.392:ERROR:fallback_task_provider.cc(124)] Every renderer should have at least one task provided by a primary task provider. If a "Renderer" fallback task is shown, it is a bug. If you have repro steps, please file a new bug and tag it as a dependency of crbug.com/739782.
Dec 12, 2022 17:53:27.293 [10188:9156:1212/175327.292:ERROR:smartscreen_dns_resolver.cc(110)] SmartScreenDnsResolver::OnComplete Error: -105 DidTimeOut: 0 URL: https://ntp.msn.com/edge/ntp?locale=en-US&title=New%20tab&dsp=1&sp=Bing&prerender=1
Dec 12, 2022 17:53:30.283 [10188:9156:1212/175330.283:ERROR:smartscreen_dns_resolver.cc(110)] SmartScreenDnsResolver::OnComplete Error: -105 DidTimeOut: 0 URL: https://ntp.msn.com/edge/ntp?locale=en-US&title=New%20tab&dsp=1&sp=Bing&prerender=1
Dec 12, 2022 17:57:04.483 [10188:9156:1212/175704.483:ERROR:fallback_task_provider.cc(124)] Every renderer should have at least one task provided by a primary task provider. If a "Renderer" fallback task is shown, it is a bug. If you have repro steps, please file a new bug and tag it as a dependency of crbug.com/739782.
Dec 12, 2022 21:58:34.417 [10188:9756:1212/215834.416:ERROR:util.cc(139)] Can't create base directory: C:\Program Files\Microsoft\EdgeUpdater
Dec 12, 2022 21:58:39.362 [10188:9156:1212/215839.362:ERROR:device_event_log_impl.cc(215)] [21:58:39.361] USB: usb_service_win.cc:104 SetupDiGetDeviceProperty({{A45C254E-DF1C-4EFD-8020-67D146A850E0}, 6}) failed: Element not found. (0x490)
Dec 12, 2022 22:07:10.878 [10188:9156:1212/220710.877:ERROR:wtm_interface_impl.cc(734)] SetTabTreatAsAppId(contents) failed, hr=0x80004005
Dec 12, 2022 22:08:02.432 [10188:9156:1212/220802.431:ERROR:fallback_task_provider.cc(124)] Every renderer should have at least one task provided by a primary task provider. If a "Renderer" fallback task is shown, it is a bug. If you have repro steps, please file a new bug and tag it as a dependency of crbug.com/739782.
Dec 12, 2022 22:12:33.169 [10188:9156:1212/221233.167:ERROR:fallback_task_provider.cc(124)] Every renderer should have at least one task provided by a primary task provider. If a "Renderer" fallback task is shown, it is a bug. If you have repro steps, please file a new bug and tag it as a dependency of crbug.com/739782.
Dec 12, 2022 22:20:08.260 [10188:9156:1212/222008.246:ERROR:fallback_task_provider.cc(124)] Every renderer should have at least one task provided by a primary task provider. If a "Renderer" fallback task is shown, it is a bug. If you have repro steps, please file a new bug and tag it as a dependency of crbug.com/739782.
Dec 12, 2022 22:20:22.655 [10188:9156:1212/222022.654:ERROR:fallback_task_provider.cc(124)] Every renderer should have at least one task provided by a primary task provider. If a "Renderer" fallback task is shown, it is a bug. If you have repro steps, please file a new bug and tag it as a dependency of crbug.com/739782.
Dec 12, 2022 22:23:54.386 [10188:9156:1212/222354.385:ERROR:fallback_task_provider.cc(124)] Every renderer should have at least one task provided by a primary task provider. If a "Renderer" fallback task is shown, it is a bug. If you have repro steps, please file a new bug and tag it as a dependency of crbug.com/739782.
Dec 12, 2022 22:25:23.484 [10188:9156:1212/222523.484:ERROR:fallback_task_provider.cc(124)] Every renderer should have at least one task provided by a primary task provider. If a "Renderer" fallback task is shown, it is a bug. If you have repro steps, please file a new bug and tag it as a dependency of crbug.com/739782.
Dec 12, 2022 22:26:15.732 [10188:9156:1212/222615.731:ERROR:fallback_task_provider.cc(124)] Every renderer should have at least one task provided by a primary task provider. If a "Renderer" fallback task is shown, it is a bug. If you have repro steps, please file a new bug and tag it as a dependency of crbug.com/739782.
Dec 12, 2022 22:29:24.391 [10188:9156:1212/222924.391:ERROR:fallback_task_provider.cc(124)] Every renderer should have at least one task provided by a primary task provider. If a "Renderer" fallback task is shown, it is a bug. If you have repro steps, please file a new bug and tag it as a dependency of crbug.com/739782.
Dec 12, 2022 22:31:27.34 [10188:9156:1212/223127.034:ERROR:fallback_task_provider.cc(124)] Every renderer should have at least one task provided by a primary task provider. If a "Renderer" fallback task is shown, it is a bug. If you have repro steps, please file a new bug and tag it as a dependency of crbug.com/739782.
Dec 12, 2022 22:36:52.243 [10188:9156:1212/223652.204:ERROR:fallback_task_provider.cc(124)] Every renderer should have at least one task provided by a primary task provider. If a "Renderer" fallback task is shown, it is a bug. If you have repro steps, please file a new bug and tag it as a dependency of crbug.com/739782.
Dec 12, 2022 22:44:32.736 [10188:9156:1212/224432.720:ERROR:fallback_task_provider.cc(124)] Every renderer should have at least one task provided by a primary task provider. If a "Renderer" fallback task is shown, it is a bug. If you have repro steps, please file a new bug and tag it as a dependency of crbug.com/739782.
Dec 12, 2022 22:45:03.929 [10188:9156:1212/224503.929:ERROR:fallback_task_provider.cc(124)] Every renderer should have at least one task provided by a primary task provider. If a "Renderer" fallback task is shown, it is a bug. If you have repro steps, please file a new bug and tag it as a dependency of crbug.com/739782.
Dec 12, 2022 22:51:25.14 [10188:9156:1212/225124.930:ERROR:fallback_task_provider.cc(124)] Every renderer should have at least one task provided by a primary task provider. If a "Renderer" fallback task is shown, it is a bug. If you have repro steps, please file a new bug and tag it as a dependency of crbug.com/739782.
Dec 12, 2022 22:52:39.28 [10188:9156:1212/225238.574:ERROR:fallback_task_provider.cc(124)] Every renderer should have at least one task provided by a primary task provider. If a "Renderer" fallback task is shown, it is a bug. If you have repro steps, please file a new bug and tag it as a dependency of crbug.com/739782.
Dec 12, 2022 22:55:09.808 [10188:9156:1212/225509.067:ERROR:fallback_task_provider.cc(124)] Every renderer should have at least one task provided by a primary task provider. If a "Renderer" fallback task is shown, it is a bug. If you have repro steps, please file a new bug and tag it as a dependency of crbug.com/739782.
Dec 12, 2022 23:16:22.111 [10188:9156:1212/231621.350:ERROR:fallback_task_provider.cc(124)] Every renderer should have at least one task provided by a primary task provider. If a "Renderer" fallback task is shown, it is a bug. If you have repro steps, please file a new bug and tag it as a dependency of crbug.com/739782.
Dec 12, 2022 23:17:07.630 [10188:9156:1212/231707.629:ERROR:fallback_task_provider.cc(124)] Every renderer should have at least one task provided by a primary task provider. If a "Renderer" fallback task is shown, it is a bug. If you have repro steps, please file a new bug and tag it as a dependency of crbug.com/739782.
Dec 12, 2022 23:19:51.834 [10188:9156:1212/231951.804:ERROR:fallback_task_provider.cc(124)] Every renderer should have at least one task provided by a primary task provider. If a "Renderer" fallback task is shown, it is a bug. If you have repro steps, please file a new bug and tag it as a dependency of crbug.com/739782.
Dec 12, 2022 23:22:24.198 [10188:9156:1212/232222.668:ERROR:fallback_task_provider.cc(124)] Every renderer should have at least one task provided by a primary task provider. If a "Renderer" fallback task is shown, it is a bug. If you have repro steps, please file a new bug and tag it as a dependency of crbug.com/739782.
Dec 12, 2022 23:25:50.292 [10188:9156:1212/232549.426:ERROR:fallback_task_provider.cc(124)] Every renderer should have at least one task provided by a primary task provider. If a "Renderer" fallback task is shown, it is a bug. If you have repro steps, please file a new bug and tag it as a dependency of crbug.com/739782.
Dec 12, 2022 23:27:14.651 [10188:9156:1212/232714.619:ERROR:fallback_task_provider.cc(124)] Every renderer should have at least one task provided by a primary task provider. If a "Renderer" fallback task is shown, it is a bug. If you have repro steps, please file a new bug and tag it as a dependency of crbug.com/739782.
Dec 12, 2022 23:38:12.136 [10188:9156:1212/233811.610:ERROR:fallback_task_provider.cc(124)] Every renderer should have at least one task provided by a primary task provider. If a "Renderer" fallback task is shown, it is a bug. If you have repro steps, please file a new bug and tag it as a dependency of crbug.com/739782.
Dec 12, 2022 23:38:26.842 [10188:9156:1212/233826.766:ERROR:fallback_task_provider.cc(124)] Every renderer should have at least one task provided by a primary task provider. If a "Renderer" fallback task is shown, it is a bug. If you have repro steps, please file a new bug and tag it as a dependency of crbug.com/739782.
Dec 12, 2022 23:48:10.492 [10188:9156:1212/234809.231:ERROR:fallback_task_provider.cc(124)] Every renderer should have at least one task provided by a primary task provider. If a "Renderer" fallback task is shown, it is a bug. If you have repro steps, please file a new bug and tag it as a dependency of crbug.com/739782.
Dec 13, 2022 24:25:08.146 [10188:9156:1213/002508.090:ERROR:fallback_task_provider.cc(124)] Every renderer should have at least one task provided by a primary task provider. If a "Renderer" fallback task is shown, it is a bug. If you have repro steps, please file a new bug and tag it as a dependency of crbug.com/739782.
Dec 13, 2022 24:25:52.372 [10188:9156:1213/002552.352:ERROR:fallback_task_provider.cc(124)] Every renderer should have at least one task provided by a primary task provider. If a "Renderer" fallback task is shown, it is a bug. If you have repro steps, please file a new bug and tag it as a dependency of crbug.com/739782.
Dec 13, 2022 24:26:08.362 [10188:9156:1213/002608.362:ERROR:fallback_task_provider.cc(124)] Every renderer should have at least one task provided by a primary task provider. If a "Renderer" fallback task is shown, it is a bug. If you have repro steps, please file a new bug and tag it as a dependency of crbug.com/739782.
Dec 13, 2022 10:14:21.515 [10188:11712:1213/101420.680:ERROR:util.cc(139)] Can't create base directory: C:\Program Files\Microsoft\EdgeUpdater
Dec 13, 2022 10:14:29.697 [10188:9156:1213/101429.591:ERROR:fallback_task_provider.cc(124)] Every renderer should have at least one task provided by a primary task provider. If a "Renderer" fallback task is shown, it is a bug. If you have repro steps, please file a new bug and tag it as a dependency of crbug.com/739782.
Dec 13, 2022 10:16:30.687 [10188:9156:1213/101629.664:ERROR:fallback_task_provider.cc(124)] Every renderer should have at least one task provided by a primary task provider. If a "Renderer" fallback task is shown, it is a bug. If you have repro steps, please file a new bug and tag it as a dependency of crbug.com/739782.
Dec 13, 2022 10:16:50.116 [10188:9156:1213/101649.649:ERROR:fallback_task_provider.cc(124)] Every renderer should have at least one task provided by a primary task provider. If a "Renderer" fallback task is shown, it is a bug. If you have repro steps, please file a new bug and tag it as a dependency of crbug.com/739782.
Dec 13, 2022 10:20:41.102 [10188:9156:1213/102039.907:ERROR:fallback_task_provider.cc(124)] Every renderer should have at least one task provided by a primary task provider. If a "Renderer" fallback task is shown, it is a bug. If you have repro steps, please file a new bug and tag it as a dependency of crbug.com/739782.
Dec 13, 2022 10:21:56.135 [10188:9156:1213/102156.119:ERROR:fallback_task_provider.cc(124)] Every renderer should have at least one task provided by a primary task provider. If a "Renderer" fallback task is shown, it is a bug. If you have repro steps, please file a new bug and tag it as a dependency of crbug.com/739782.
Dec 13, 2022 10:26:37.478 [10188:9156:1213/102636.971:ERROR:fallback_task_provider.cc(124)] Every renderer should have at least one task provided by a primary task provider. If a "Renderer" fallback task is shown, it is a bug. If you have repro steps, please file a new bug and tag it as a dependency of crbug.com/739782.
Dec 13, 2022 10:29:39.775 [10188:9156:1213/102939.769:ERROR:fallback_task_provider.cc(124)] Every renderer should have at least one task provided by a primary task provider. If a "Renderer" fallback task is shown, it is a bug. If you have repro steps, please file a new bug and tag it as a dependency of crbug.com/739782.
Dec 13, 2022 10:30:48.897 [10188:9156:1213/103048.804:ERROR:fallback_task_provider.cc(124)] Every renderer should have at least one task provided by a primary task provider. If a "Renderer" fallback task is shown, it is a bug. If you have repro steps, please file a new bug and tag it as a dependency of crbug.com/739782.
Dec 13, 2022 10:31:32.898 [10188:9156:1213/103132.898:ERROR:fallback_task_provider.cc(124)] Every renderer should have at least one task provided by a primary task provider. If a "Renderer" fallback task is shown, it is a bug. If you have repro steps, please file a new bug and tag it as a dependency of crbug.com/739782.
Dec 13, 2022 10:34:49.653 [10188:9156:1213/103449.636:ERROR:fallback_task_provider.cc(124)] Every renderer should have at least one task provided by a primary task provider. If a "Renderer" fallback task is shown, it is a bug. If you have repro steps, please file a new bug and tag it as a dependency of crbug.com/739782.
Dec 13, 2022 10:39:31.650 [10188:9156:1213/103931.537:ERROR:fallback_task_provider.cc(124)] Every renderer should have at least one task provided by a primary task provider. If a "Renderer" fallback task is shown, it is a bug. If you have repro steps, please file a new bug and tag it as a dependency of crbug.com/739782.
Dec 13, 2022 10:48:01.919 [10188:9156:1213/104800.840:ERROR:fallback_task_provider.cc(124)] Every renderer should have at least one task provided by a primary task provider. If a "Renderer" fallback task is shown, it is a bug. If you have repro steps, please file a new bug and tag it as a dependency of crbug.com/739782.
Dec 13, 2022 10:48:36.274 [10188:9156:1213/104835.954:ERROR:fallback_task_provider.cc(124)] Every renderer should have at least one task provided by a primary task provider. If a "Renderer" fallback task is shown, it is a bug. If you have repro steps, please file a new bug and tag it as a dependency of crbug.com/739782.
Dec 13, 2022 10:54:27.230 [10188:9156:1213/105427.204:ERROR:fallback_task_provider.cc(124)] Every renderer should have at least one task provided by a primary task provider. If a "Renderer" fallback task is shown, it is a bug. If you have repro steps, please file a new bug and tag it as a dependency of crbug.com/739782.
Dec 13, 2022 10:54:46.429 [10188:9156:1213/105445.401:ERROR:fallback_task_provider.cc(124)] Every renderer should have at least one task provided by a primary task provider. If a "Renderer" fallback task is shown, it is a bug. If you have repro steps, please file a new bug and tag it as a dependency of crbug.com/739782.
Dec 13, 2022 10:54:52.231 [10188:9156:1213/105452.230:ERROR:fallback_task_provider.cc(124)] Every renderer should have at least one task provided by a primary task provider. If a "Renderer" fallback task is shown, it is a bug. If you have repro steps, please file a new bug and tag it as a dependency of crbug.com/739782.
Dec 13, 2022 11:23:14.441 [10188:9156:1213/112314.411:ERROR:fallback_task_provider.cc(124)] Every renderer should have at least one task provided by a primary task provider. If a "Renderer" fallback task is shown, it is a bug. If you have repro steps, please file a new bug and tag it as a dependency of crbug.com/739782.
Dec 13, 2022 11:51:18.459 [10188:9156:1213/115117.459:ERROR:fallback_task_provider.cc(124)] Every renderer should have at least one task provided by a primary task provider. If a "Renderer" fallback task is shown, it is a bug. If you have repro steps, please file a new bug and tag it as a dependency of crbug.com/739782.
Dec 13, 2022 11:56:04.114 [10188:9156:1213/115603.097:ERROR:fallback_task_provider.cc(124)] Every renderer should have at least one task provided by a primary task provider. If a "Renderer" fallback task is shown, it is a bug. If you have repro steps, please file a new bug and tag it as a dependency of crbug.com/739782.
Dec 13, 2022 11:59:53.884 [10188:9156:1213/115953.883:ERROR:fallback_task_provider.cc(124)] Every renderer should have at least one task provided by a primary task provider. If a "Renderer" fallback task is shown, it is a bug. If you have repro steps, please file a new bug and tag it as a dependency of crbug.com/739782.
Dec 13, 2022 12:04:15.835 [10188:9156:1213/120415.707:ERROR:fallback_task_provider.cc(124)] Every renderer should have at least one task provided by a primary task provider. If a "Renderer" fallback task is shown, it is a bug. If you have repro steps, please file a new bug and tag it as a dependency of crbug.com/739782.
Dec 13, 2022 12:04:23.839 [10188:9156:1213/120423.787:ERROR:fallback_task_provider.cc(124)] Every renderer should have at least one task provided by a primary task provider. If a "Renderer" fallback task is shown, it is a bug. If you have repro steps, please file a new bug and tag it as a dependency of crbug.com/739782.
Dec 13, 2022 12:06:01.960 [10188:9156:1213/120601.933:ERROR:fallback_task_provider.cc(124)] Every renderer should have at least one task provided by a primary task provider. If a "Renderer" fallback task is shown, it is a bug. If you have repro steps, please file a new bug and tag it as a dependency of crbug.com/739782.
Dec 13, 2022 12:06:12.427 [10188:9156:1213/120612.426:ERROR:fallback_task_provider.cc(124)] Every renderer should have at least one task provided by a primary task provider. If a "Renderer" fallback task is shown, it is a bug. If you have repro steps, please file a new bug and tag it as a dependency of crbug.com/739782.
Dec 13, 2022 12:57:16.629 [10188:9156:1213/125712.460:ERROR:fallback_task_provider.cc(124)] Every renderer should have at least one task provided by a primary task provider. If a "Renderer" fallback task is shown, it is a bug. If you have repro steps, please file a new bug and tag it as a dependency of crbug.com/739782.
Dec 13, 2022 13:08:36.469 [10188:9156:1213/130835.252:ERROR:fallback_task_provider.cc(124)] Every renderer should have at least one task provided by a primary task provider. If a "Renderer" fallback task is shown, it is a bug. If you have repro steps, please file a new bug and tag it as a dependency of crbug.com/739782.
Dec 13, 2022 13:17:39.51 [10188:9156:1213/131738.997:ERROR:fallback_task_provider.cc(124)] Every renderer should have at least one task provided by a primary task provider. If a "Renderer" fallback task is shown, it is a bug. If you have repro steps, please file a new bug and tag it as a dependency of crbug.com/739782.
Dec 13, 2022 13:54:14.182 [10188:9156:1213/135414.064:ERROR:fallback_task_provider.cc(124)] Every renderer should have at least one task provided by a primary task provider. If a "Renderer" fallback task is shown, it is a bug. If you have repro steps, please file a new bug and tag it as a dependency of crbug.com/739782.
Dec 13, 2022 13:54:42.559 [10188:9156:1213/135442.381:ERROR:fallback_task_provider.cc(124)] Every renderer should have at least one task provided by a primary task provider. If a "Renderer" fallback task is shown, it is a bug. If you have repro steps, please file a new bug and tag it as a dependency of crbug.com/739782.
Dec 13, 2022 13:55:07.640 [10188:9156:1213/135506.869:ERROR:fallback_task_provider.cc(124)] Every renderer should have at least one task provided by a primary task provider. If a "Renderer" fallback task is shown, it is a bug. If you have repro steps, please file a new bug and tag it as a dependency of crbug.com/739782.

Dec 13, 2022 20:21:29.515 NEW SESSION
Dec 13, 2022 20:21:29.515 [11728:8704:1213/202129.493:ERROR:assistance_home_client.cc(32)] File path C:\Users\ADMIN\AppData\Local\Microsoft\Edge\User Data\Default
Dec 13, 2022 20:21:45.484 [11728:8704:1213/202145.483:ERROR:network_service_instance_impl.cc(537)] Network service crashed, restarting service.
Dec 13, 2022 20:21:50.14 [11728:8704:1213/202149.911:ERROR:device_event_log_impl.cc(215)] [20:21:49.911] USB: usb_device_handle_win.cc:1045 Failed to read descriptor from node connection: A device attached to the system is not functioning. (0x1F)
Dec 13, 2022 20:22:41.783 [11728:8764:1213/202241.782:ERROR:util.cc(139)] Can't create base directory: C:\Program Files\Microsoft\EdgeUpdater
Dec 13, 2022 22:44:36.682 [11728:8704:1213/224436.620:ERROR:fallback_task_provider.cc(124)] Every renderer should have at least one task provided by a primary task provider. If a "Renderer" fallback task is shown, it is a bug. If you have repro steps, please file a new bug and tag it as a dependency of crbug.com/739782.
Dec 13, 2022 22:46:25.300 [11728:8704:1213/224625.299:ERROR:fallback_task_provider.cc(124)] Every renderer should have at least one task provided by a primary task provider. If a "Renderer" fallback task is shown, it is a bug. If you have repro steps, please file a new bug and tag it as a dependency of crbug.com/739782.
Dec 13, 2022 22:46:47.756 [11728:8704:1213/224647.756:ERROR:fallback_task_provider.cc(124)] Every renderer should have at least one task provided by a primary task provider. If a "Renderer" fallback task is shown, it is a bug. If you have repro steps, please file a new bug and tag it as a dependency of crbug.com/739782.
Dec 13, 2022 23:04:10.593 [11728:8704:1213/230410.592:ERROR:fallback_task_provider.cc(124)] Every renderer should have at least one task provided by a primary task provider. If a "Renderer" fallback task is shown, it is a bug. If you have repro steps, please file a new bug and tag it as a dependency of crbug.com/739782.
Dec 13, 2022 23:15:20.183 [11728:8704:1213/231520.183:ERROR:fallback_task_provider.cc(124)] Every renderer should have at least one task provided by a primary task provider. If a "Renderer" fallback task is shown, it is a bug. If you have repro steps, please file a new bug and tag it as a dependency of crbug.com/739782.
Dec 13, 2022 23:17:24.303 [11728:8704:1213/231724.303:ERROR:fallback_task_provider.cc(124)] Every renderer should have at least one task provided by a primary task provider. If a "Renderer" fallback task is shown, it is a bug. If you have repro steps, please file a new bug and tag it as a dependency of crbug.com/739782.
Dec 13, 2022 23:25:17.924 [11728:8704:1213/232517.923:ERROR:wtm_interface_impl.cc(734)] SetTabTreatAsAppId(contents) failed, hr=0x80004005
Dec 14, 2022 24:27:06.268 [11728:8704:1214/002706.177:ERROR:fallback_task_provider.cc(124)] Every renderer should have at least one task provided by a primary task provider. If a "Renderer" fallback task is shown, it is a bug. If you have repro steps, please file a new bug and tag it as a dependency of crbug.com/739782.
Dec 14, 2022 24:28:01.584 [11728:8704:1214/002801.583:ERROR:fallback_task_provider.cc(124)] Every renderer should have at least one task provided by a primary task provider. If a "Renderer" fallback task is shown, it is a bug. If you have repro steps, please file a new bug and tag it as a dependency of crbug.com/739782.
Dec 14, 2022 24:28:11.286 [11728:8704:1214/002811.285:ERROR:fallback_task_provider.cc(124)] Every renderer should have at least one task provided by a primary task provider. If a "Renderer" fallback task is shown, it is a bug. If you have repro steps, please file a new bug and tag it as a dependency of crbug.com/739782.
Dec 14, 2022 24:28:21.384 [11728:8704:1214/002821.383:ERROR:fallback_task_provider.cc(124)] Every renderer should have at least one task provided by a primary task provider. If a "Renderer" fallback task is shown, it is a bug. If you have repro steps, please file a new bug and tag it as a dependency of crbug.com/739782.
Dec 14, 2022 01:10:51.796 [11728:8704:1214/011051.216:ERROR:fallback_task_provider.cc(124)] Every renderer should have at least one task provided by a primary task provider. If a "Renderer" fallback task is shown, it is a bug. If you have repro steps, please file a new bug and tag it as a dependency of crbug.com/739782.
Dec 14, 2022 01:22:42.123 [11728:9760:1214/012242.105:ERROR:util.cc(139)] Can't create base directory: C:\Program Files\Microsoft\EdgeUpdater

Dec 14, 2022 14:59:55.785 NEW SESSION
Dec 14, 2022 14:59:55.785 [1660:4328:1214/145955.523:ERROR:assistance_home_client.cc(32)] File path C:\Users\ADMIN\AppData\Local\Microsoft\Edge\User Data\Default
Dec 14, 2022 15:00:03.448 [1660:4328:1214/150003.446:ERROR:device_event_log_impl.cc(215)] [15:00:03.446] USB: usb_device_handle_win.cc:1045 Failed to read descriptor from node connection: A device attached to the system is not functioning. (0x1F)
Dec 14, 2022 15:00:05.47 [1660:4328:1214/150005.045:ERROR:fallback_task_provider.cc(124)] Every renderer should have at least one task provided by a primary task provider. If a "Renderer" fallback task is shown, it is a bug. If you have repro steps, please file a new bug and tag it as a dependency of crbug.com/739782.
Dec 14, 2022 15:01:00.860 [1660:2744:1214/150100.859:ERROR:util.cc(139)] Can't create base directory: C:\Program Files\Microsoft\EdgeUpdater
Dec 14, 2022 15:02:45.09 [1660:4328:1214/150245.009:ERROR:fallback_task_provider.cc(124)] Every renderer should have at least one task provided by a primary task provider. If a "Renderer" fallback task is shown, it is a bug. If you have repro steps, please file a new bug and tag it as a dependency of crbug.com/739782.
Dec 14, 2022 16:41:05.848 [1660:4328:1214/164105.847:ERROR:device_event_log_impl.cc(215)] [16:41:05.847] USB: usb_service_win.cc:104 SetupDiGetDeviceProperty({{A45C254E-DF1C-4EFD-8020-67D146A850E0}, 6}) failed: Element not found. (0x490)

Dec 23, 2022 21:55:16.544 NEW SESSION
Dec 23, 2022 21:55:16.545 [2952:2500:1223/215515.761:ERROR:assistance_home_client.cc(32)] File path C:\Users\ADMIN\AppData\Local\Microsoft\Edge\User Data\Default
Dec 23, 2022 21:55:43.990 [2952:2500:1223/215543.975:ERROR:network_service_instance_impl.cc(537)] Network service crashed, restarting service.
Dec 23, 2022 21:55:45.178 [2952:2500:1223/215545.176:ERROR:device_event_log_impl.cc(215)] [21:55:45.177] USB: usb_device_handle_win.cc:1045 Failed to read descriptor from node connection: A device attached to the system is not functioning. (0x1F)
Dec 23, 2022 21:56:41.413 [2952:8656:1223/215641.413:ERROR:util.cc(139)] Can't create base directory: C:\Program Files\Microsoft\EdgeUpdater
Dec 23, 2022 22:31:20.749 [2952:2500:1223/223120.748:ERROR:fallback_task_provider.cc(124)] Every renderer should have at least one task provided by a primary task provider. If a "Renderer" fallback task is shown, it is a bug. If you have repro steps, please file a new bug and tag it as a dependency of crbug.com/739782.
Dec 23, 2022 22:35:50.172 [2952:2500:1223/223550.172:ERROR:fallback_task_provider.cc(124)] Every renderer should have at least one task provided by a primary task provider. If a "Renderer" fallback task is shown, it is a bug. If you have repro steps, please file a new bug and tag it as a dependency of crbug.com/739782.
Dec 23, 2022 22:45:04.171 [2952:2500:1223/224504.169:ERROR:fallback_task_provider.cc(124)] Every renderer should have at least one task provided by a primary task provider. If a "Renderer" fallback task is shown, it is a bug. If you have repro steps, please file a new bug and tag it as a dependency of crbug.com/739782.
Dec 23, 2022 22:46:10.94 [2952:2500:1223/224610.094:ERROR:fallback_task_provider.cc(124)] Every renderer should have at least one task provided by a primary task provider. If a "Renderer" fallback task is shown, it is a bug. If you have repro steps, please file a new bug and tag it as a dependency of crbug.com/739782.
Dec 23, 2022 22:51:49.937 [2952:2500:1223/225149.936:ERROR:fallback_task_provider.cc(124)] Every renderer should have at least one task provided by a primary task provider. If a "Renderer" fallback task is shown, it is a bug. If you have repro steps, please file a new bug and tag it as a dependency of crbug.com/739782.
Dec 23, 2022 22:52:46.320 [2952:2500:1223/225246.319:ERROR:fallback_task_provider.cc(124)] Every renderer should have at least one task provided by a primary task provider. If a "Renderer" fallback task is shown, it is a bug. If you have repro steps, please file a new bug and tag it as a dependency of crbug.com/739782.
Dec 23, 2022 22:58:38.761 [2952:2500:1223/225838.761:ERROR:fallback_task_provider.cc(124)] Every renderer should have at least one task provided by a primary task provider. If a "Renderer" fallback task is shown, it is a bug. If you have repro steps, please file a new bug and tag it as a dependency of crbug.com/739782.
Dec 23, 2022 22:59:31.53 [2952:2500:1223/225931.052:ERROR:fallback_task_provider.cc(124)] Every renderer should have at least one task provided by a primary task provider. If a "Renderer" fallback task is shown, it is a bug. If you have repro steps, please file a new bug and tag it as a dependency of crbug.com/739782.
Dec 23, 2022 23:08:39.767 [2952:2500:1223/230839.767:ERROR:fallback_task_provider.cc(124)] Every renderer should have at least one task provided by a primary task provider. If a "Renderer" fallback task is shown, it is a bug. If you have repro steps, please file a new bug and tag it as a dependency of crbug.com/739782.
Dec 23, 2022 23:11:49.245 [2952:2500:1223/231149.243:ERROR:fallback_task_provider.cc(124)] Every renderer should have at least one task provided by a primary task provider. If a "Renderer" fallback task is shown, it is a bug. If you have repro steps, please file a new bug and tag it as a dependency of crbug.com/739782.
Dec 23, 2022 23:13:22.266 [2952:2500:1223/231322.240:ERROR:wtm_interface_impl.cc(734)] SetTabTreatAsAppId(contents) failed, hr=0x80004005
Dec 23, 2022 23:15:33.539 [2952:2500:1223/231533.538:ERROR:fallback_task_provider.cc(124)] Every renderer should have at least one task provided by a primary task provider. If a "Renderer" fallback task is shown, it is a bug. If you have repro steps, please file a new bug and tag it as a dependency of crbug.com/739782.
Dec 23, 2022 23:16:00.831 [2952:2500:1223/231600.813:ERROR:fallback_task_provider.cc(124)] Every renderer should have at least one task provided by a primary task provider. If a "Renderer" fallback task is shown, it is a bug. If you have repro steps, please file a new bug and tag it as a dependency of crbug.com/739782.
Dec 23, 2022 23:25:21.911 [2952:2500:1223/232521.910:ERROR:wtm_interface_impl.cc(734)] SetTabTreatAsAppId(contents) failed, hr=0x80004005
Dec 23, 2022 23:25:33.722 [2952:2500:1223/232533.721:ERROR:fallback_task_provider.cc(124)] Every renderer should have at least one task provided by a primary task provider. If a "Renderer" fallback task is shown, it is a bug. If you have repro steps, please file a new bug and tag it as a dependency of crbug.com/739782.
Dec 23, 2022 23:51:46.753 [2952:2500:1223/235146.753:ERROR:fallback_task_provider.cc(124)] Every renderer should have at least one task provided by a primary task provider. If a "Renderer" fallback task is shown, it is a bug. If you have repro steps, please file a new bug and tag it as a dependency of crbug.com/739782.
Dec 23, 2022 23:58:18.47 [2952:2500:1223/235818.047:ERROR:fallback_task_provider.cc(124)] Every renderer should have at least one task provided by a primary task provider. If a "Renderer" fallback task is shown, it is a bug. If you have repro steps, please file a new bug and tag it as a dependency of crbug.com/739782.
Dec 24, 2022 24:01:19.673 [2952:2500:1224/000119.672:ERROR:fallback_task_provider.cc(124)] Every renderer should have at least one task provided by a primary task provider. If a "Renderer" fallback task is shown, it is a bug. If you have repro steps, please file a new bug and tag it as a dependency of crbug.com/739782.
Dec 24, 2022 24:02:24.64 [2952:2500:1224/000224.063:ERROR:fallback_task_provider.cc(124)] Every renderer should have at least one task provided by a primary task provider. If a "Renderer" fallback task is shown, it is a bug. If you have repro steps, please file a new bug and tag it as a dependency of crbug.com/739782.
Dec 24, 2022 24:17:35.85 [2952:2500:1224/001735.085:ERROR:fallback_task_provider.cc(124)] Every renderer should have at least one task provided by a primary task provider. If a "Renderer" fallback task is shown, it is a bug. If you have repro steps, please file a new bug and tag it as a dependency of crbug.com/739782.
Dec 24, 2022 11:49:01.505 [2952:8748:1224/114901.505:ERROR:util.cc(139)] Can't create base directory: C:\Program Files\Microsoft\EdgeUpdater
Dec 24, 2022 11:53:48.390 [2952:2500:1224/115348.389:ERROR:fallback_task_provider.cc(124)] Every renderer should have at least one task provided by a primary task provider. If a "Renderer" fallback task is shown, it is a bug. If you have repro steps, please file a new bug and tag it as a dependency of crbug.com/739782.
Dec 24, 2022 11:54:18.115 [2952:2500:1224/115418.114:ERROR:fallback_task_provider.cc(124)] Every renderer should have at least one task provided by a primary task provider. If a "Renderer" fallback task is shown, it is a bug. If you have repro steps, please file a new bug and tag it as a dependency of crbug.com/739782.
Dec 24, 2022 11:57:14.11 [2952:2500:1224/115714.009:ERROR:fallback_task_provider.cc(124)] Every renderer should have at least one task provided by a primary task provider. If a "Renderer" fallback task is shown, it is a bug. If you have repro steps, please file a new bug and tag it as a dependency of crbug.com/739782.
Dec 24, 2022 11:57:58.680 [2952:2500:1224/115758.680:ERROR:fallback_task_provider.cc(124)] Every renderer should have at least one task provided by a primary task provider. If a "Renderer" fallback task is shown, it is a bug. If you have repro steps, please file a new bug and tag it as a dependency of crbug.com/739782.
Dec 24, 2022 12:32:05.784 [2952:2500:1224/123205.784:ERROR:device_event_log_impl.cc(215)] [12:32:05.784] USB: usb_service_win.cc:104 SetupDiGetDeviceProperty({{A45C254E-DF1C-4EFD-8020-67D146A850E0}, 6}) failed: Element not found. (0x490)
Dec 24, 2022 12:32:12.583 [2952:2500:1224/123212.582:ERROR:fallback_task_provider.cc(124)] Every renderer should have at least one task provided by a primary task provider. If a "Renderer" fallback task is shown, it is a bug. If you have repro steps, please file a new bug and tag it as a dependency of crbug.com/739782.
Dec 24, 2022 12:33:11.645 [2952:2500:1224/123311.644:ERROR:fallback_task_provider.cc(124)] Every renderer should have at least one task provided by a primary task provider. If a "Renderer" fallback task is shown, it is a bug. If you have repro steps, please file a new bug and tag it as a dependency of crbug.com/739782.
Dec 24, 2022 12:33:35.862 [2952:2500:1224/123335.861:ERROR:fallback_task_provider.cc(124)] Every renderer should have at least one task provided by a primary task provider. If a "Renderer" fallback task is shown, it is a bug. If you have repro steps, please file a new bug and tag it as a dependency of crbug.com/739782.
Dec 24, 2022 12:34:37.886 [2952:2500:1224/123437.886:ERROR:fallback_task_provider.cc(124)] Every renderer should have at least one task provided by a primary task provider. If a "Renderer" fallback task is shown, it is a bug. If you have repro steps, please file a new bug and tag it as a dependency of crbug.com/739782.
Dec 24, 2022 12:36:14.753 [2952:2500:1224/123614.752:ERROR:smartscreen_dns_resolver.cc(110)] SmartScreenDnsResolver::OnComplete Error: -7 DidTimeOut: 1 URL: https://ntp.msn.com/edge/ntp?locale=en-US&title=New%20tab&dsp=1&sp=Bing&prerender=1
Dec 24, 2022 12:38:38.261 [2952:2500:1224/123838.261:ERROR:smartscreen_dns_resolver.cc(110)] SmartScreenDnsResolver::OnComplete Error: -105 DidTimeOut: 0 URL: https://ntp.msn.com/edge/ntp?locale=en-US&title=New%20tab&dsp=1&sp=Bing&prerender=1
Dec 24, 2022 12:38:39.08 [2952:2500:1224/123839.008:ERROR:fallback_task_provider.cc(124)] Every renderer should have at least one task provided by a primary task provider. If a "Renderer" fallback task is shown, it is a bug. If you have repro steps, please file a new bug and tag it as a dependency of crbug.com/739782.
Dec 24, 2022 12:38:48.246 [2952:2500:1224/123848.246:ERROR:smartscreen_dns_resolver.cc(110)] SmartScreenDnsResolver::OnComplete Error: -105 DidTimeOut: 0 URL: https://ntp.msn.com/edge/ntp?locale=en-US&title=New%20tab&dsp=1&sp=Bing&prerender=1
Dec 24, 2022 12:38:58.230 [2952:2500:1224/123858.229:ERROR:smartscreen_dns_resolver.cc(110)] SmartScreenDnsResolver::OnComplete Error: -105 DidTimeOut: 0 URL: https://ntp.msn.com/edge/ntp?locale=en-US&title=New%20tab&dsp=1&sp=Bing&prerender=1
Dec 24, 2022 12:39:08.331 [2952:2500:1224/123908.331:ERROR:smartscreen_dns_resolver.cc(110)] SmartScreenDnsResolver::OnComplete Error: -105 DidTimeOut: 0 URL: https://ntp.msn.com/edge/ntp?locale=en-US&title=New%20tab&dsp=1&sp=Bing&prerender=1
Dec 24, 2022 12:39:09.33 [2952:2500:1224/123909.032:ERROR:fallback_task_provider.cc(124)] Every renderer should have at least one task provided by a primary task provider. If a "Renderer" fallback task is shown, it is a bug. If you have repro steps, please file a new bug and tag it as a dependency of crbug.com/739782.
Dec 24, 2022 12:39:28.348 [2952:2500:1224/123928.346:ERROR:smartscreen_dns_resolver.cc(110)] SmartScreenDnsResolver::OnComplete Error: -105 DidTimeOut: 0 URL: https://ntp.msn.com/edge/ntp?locale=en-US&title=New%20tab&dsp=1&sp=Bing&prerender=1
Dec 24, 2022 12:39:38.380 [2952:2500:1224/123938.380:ERROR:smartscreen_dns_resolver.cc(110)] SmartScreenDnsResolver::OnComplete Error: -105 DidTimeOut: 0 URL: https://ntp.msn.com/edge/ntp?locale=en-US&title=New%20tab&dsp=1&sp=Bing&prerender=1
Dec 24, 2022 12:39:48.396 [2952:2500:1224/123948.395:ERROR:smartscreen_dns_resolver.cc(110)] SmartScreenDnsResolver::OnComplete Error: -105 DidTimeOut: 0 URL: https://ntp.msn.com/edge/ntp?locale=en-US&title=New%20tab&dsp=1&sp=Bing&prerender=1
Dec 24, 2022 12:39:58.403 [2952:2500:1224/123958.403:ERROR:smartscreen_dns_resolver.cc(110)] SmartScreenDnsResolver::OnComplete Error: -105 DidTimeOut: 0 URL: https://ntp.msn.com/edge/ntp?locale=en-US&title=New%20tab&dsp=1&sp=Bing&prerender=1
Dec 24, 2022 12:40:13.399 [2952:2500:1224/124013.398:ERROR:smartscreen_dns_resolver.cc(110)] SmartScreenDnsResolver::OnComplete Error: -105 DidTimeOut: 0 URL: https://ntp.msn.com/edge/ntp?locale=en-US&title=New%20tab&dsp=1&sp=Bing&prerender=1
Dec 24, 2022 12:40:14.185 [2952:2500:1224/124014.185:ERROR:fallback_task_provider.cc(124)] Every renderer should have at least one task provided by a primary task provider. If a "Renderer" fallback task is shown, it is a bug. If you have repro steps, please file a new bug and tag it as a dependency of crbug.com/739782.
Dec 24, 2022 12:40:23.469 [2952:2500:1224/124023.468:ERROR:smartscreen_dns_resolver.cc(110)] SmartScreenDnsResolver::OnComplete Error: -105 DidTimeOut: 0 URL: https://ntp.msn.com/edge/ntp?locale=en-US&title=New%20tab&dsp=1&sp=Bing&prerender=1
Dec 24, 2022 12:40:33.433 [2952:2500:1224/124033.433:ERROR:smartscreen_dns_resolver.cc(110)] SmartScreenDnsResolver::OnComplete Error: -105 DidTimeOut: 0 URL: https://ntp.msn.com/edge/ntp?locale=en-US&title=New%20tab&dsp=1&sp=Bing&prerender=1
Dec 24, 2022 12:40:34.180 [2952:2500:1224/124034.179:ERROR:fallback_task_provider.cc(124)] Every renderer should have at least one task provided by a primary task provider. If a "Renderer" fallback task is shown, it is a bug. If you have repro steps, please file a new bug and tag it as a dependency of crbug.com/739782.
Dec 24, 2022 12:40:48.469 [2952:2500:1224/124048.468:ERROR:smartscreen_dns_resolver.cc(110)] SmartScreenDnsResolver::OnComplete Error: -105 DidTimeOut: 0 URL: https://ntp.msn.com/edge/ntp?locale=en-US&title=New%20tab&dsp=1&sp=Bing&prerender=1
Dec 24, 2022 12:40:58.528 [2952:2500:1224/124058.522:ERROR:smartscreen_dns_resolver.cc(110)] SmartScreenDnsResolver::OnComplete Error: -105 DidTimeOut: 0 URL: https://ntp.msn.com/edge/ntp?locale=en-US&title=New%20tab&dsp=1&sp=Bing&prerender=1
Dec 24, 2022 12:40:59.284 [2952:2500:1224/124059.284:ERROR:fallback_task_provider.cc(124)] Every renderer should have at least one task provided by a primary task provider. If a "Renderer" fallback task is shown, it is a bug. If you have repro steps, please file a new bug and tag it as a dependency of crbug.com/739782.
Dec 24, 2022 12:41:08.481 [2952:2500:1224/124108.480:ERROR:smartscreen_dns_resolver.cc(110)] SmartScreenDnsResolver::OnComplete Error: -105 DidTimeOut: 0 URL: https://ntp.msn.com/edge/ntp?locale=en-US&title=New%20tab&dsp=1&sp=Bing&prerender=1
Dec 24, 2022 12:41:18.523 [2952:2500:1224/124118.522:ERROR:smartscreen_dns_resolver.cc(110)] SmartScreenDnsResolver::OnComplete Error: -105 DidTimeOut: 0 URL: https://ntp.msn.com/edge/ntp?locale=en-US&title=New%20tab&dsp=1&sp=Bing&prerender=1
Dec 24, 2022 12:41:28.571 [2952:2500:1224/124128.570:ERROR:smartscreen_dns_resolver.cc(110)] SmartScreenDnsResolver::OnComplete Error: -105 DidTimeOut: 0 URL: https://ntp.msn.com/edge/ntp?locale=en-US&title=New%20tab&dsp=1&sp=Bing&prerender=1
Dec 24, 2022 12:41:38.606 [2952:2500:1224/124138.606:ERROR:smartscreen_dns_resolver.cc(110)] SmartScreenDnsResolver::OnComplete Error: -105 DidTimeOut: 0 URL: https://ntp.msn.com/edge/ntp?locale=en-US&title=New%20tab&dsp=1&sp=Bing&prerender=1
Dec 24, 2022 12:41:39.383 [2952:2500:1224/124139.383:ERROR:fallback_task_provider.cc(124)] Every renderer should have at least one task provided by a primary task provider. If a "Renderer" fallback task is shown, it is a bug. If you have repro steps, please file a new bug and tag it as a dependency of crbug.com/739782.
Dec 24, 2022 12:41:49.642 [2952:2500:1224/124149.641:ERROR:fallback_task_provider.cc(124)] Every renderer should have at least one task provided by a primary task provider. If a "Renderer" fallback task is shown, it is a bug. If you have repro steps, please file a new bug and tag it as a dependency of crbug.com/739782.
Dec 24, 2022 12:41:50.752 [2952:2500:1224/124150.752:ERROR:smartscreen_dns_resolver.cc(110)] SmartScreenDnsResolver::OnComplete Error: -7 DidTimeOut: 1 URL: https://ntp.msn.com/edge/ntp?locale=en-US&title=New%20tab&dsp=1&sp=Bing&prerender=1
Dec 24, 2022 12:42:21.976 [2952:2500:1224/124221.976:ERROR:smartscreen_dns_resolver.cc(110)] SmartScreenDnsResolver::OnComplete Error: -7 DidTimeOut: 1 URL: https://ntp.msn.com/edge/ntp?locale=en-US&title=New%20tab&dsp=1&sp=Bing&prerender=1
Dec 24, 2022 13:00:40.390 [2952:2500:1224/130040.389:ERROR:fallback_task_provider.cc(124)] Every renderer should have at least one task provided by a primary task provider. If a "Renderer" fallback task is shown, it is a bug. If you have repro steps, please file a new bug and tag it as a dependency of crbug.com/739782.
Dec 24, 2022 13:00:47.816 [2952:2500:1224/130047.815:ERROR:fallback_task_provider.cc(124)] Every renderer should have at least one task provided by a primary task provider. If a "Renderer" fallback task is shown, it is a bug. If you have repro steps, please file a new bug and tag it as a dependency of crbug.com/739782.
Dec 24, 2022 13:01:12.851 [2952:2500:1224/130112.850:ERROR:fallback_task_provider.cc(124)] Every renderer should have at least one task provided by a primary task provider. If a "Renderer" fallback task is shown, it is a bug. If you have repro steps, please file a new bug and tag it as a dependency of crbug.com/739782.
Dec 24, 2022 13:01:23.40 [2952:2500:1224/130123.040:ERROR:fallback_task_provider.cc(124)] Every renderer should have at least one task provided by a primary task provider. If a "Renderer" fallback task is shown, it is a bug. If you have repro steps, please file a new bug and tag it as a dependency of crbug.com/739782.
Dec 24, 2022 13:01:33.183 [2952:2500:1224/130133.183:ERROR:fallback_task_provider.cc(124)] Every renderer should have at least one task provided by a primary task provider. If a "Renderer" fallback task is shown, it is a bug. If you have repro steps, please file a new bug and tag it as a dependency of crbug.com/739782.
Dec 24, 2022 13:01:53.367 [2952:2500:1224/130153.366:ERROR:fallback_task_provider.cc(124)] Every renderer should have at least one task provided by a primary task provider. If a "Renderer" fallback task is shown, it is a bug. If you have repro steps, please file a new bug and tag it as a dependency of crbug.com/739782.
Dec 24, 2022 13:12:58.146 [2952:2500:1224/131258.145:ERROR:fallback_task_provider.cc(124)] Every renderer should have at least one task provided by a primary task provider. If a "Renderer" fallback task is shown, it is a bug. If you have repro steps, please file a new bug and tag it as a dependency of crbug.com/739782.
Dec 24, 2022 13:23:37.568 [2952:2500:1224/132337.567:ERROR:fallback_task_provider.cc(124)] Every renderer should have at least one task provided by a primary task provider. If a "Renderer" fallback task is shown, it is a bug. If you have repro steps, please file a new bug and tag it as a dependency of crbug.com/739782.
Dec 24, 2022 13:27:09.131 [2952:2500:1224/132709.130:ERROR:fallback_task_provider.cc(124)] Every renderer should have at least one task provided by a primary task provider. If a "Renderer" fallback task is shown, it is a bug. If you have repro steps, please file a new bug and tag it as a dependency of crbug.com/739782.
Dec 24, 2022 13:36:24.171 [2952:2500:1224/133624.170:ERROR:fallback_task_provider.cc(124)] Every renderer should have at least one task provided by a primary task provider. If a "Renderer" fallback task is shown, it is a bug. If you have repro steps, please file a new bug and tag it as a dependency of crbug.com/739782.
Dec 24, 2022 13:36:43.646 [2952:2500:1224/133643.646:ERROR:fallback_task_provider.cc(124)] Every renderer should have at least one task provided by a primary task provider. If a "Renderer" fallback task is shown, it is a bug. If you have repro steps, please file a new bug and tag it as a dependency of crbug.com/739782.
Dec 24, 2022 13:36:58.615 [2952:2500:1224/133658.614:ERROR:fallback_task_provider.cc(124)] Every renderer should have at least one task provided by a primary task provider. If a "Renderer" fallback task is shown, it is a bug. If you have repro steps, please file a new bug and tag it as a dependency of crbug.com/739782.
Dec 24, 2022 13:37:08.687 [2952:2500:1224/133708.686:ERROR:fallback_task_provider.cc(124)] Every renderer should have at least one task provided by a primary task provider. If a "Renderer" fallback task is shown, it is a bug. If you have repro steps, please file a new bug and tag it as a dependency of crbug.com/739782.
Dec 24, 2022 13:37:28.707 [2952:2500:1224/133728.685:ERROR:fallback_task_provider.cc(124)] Every renderer should have at least one task provided by a primary task provider. If a "Renderer" fallback task is shown, it is a bug. If you have repro steps, please file a new bug and tag it as a dependency of crbug.com/739782.
Dec 24, 2022 13:38:23.948 [2952:2500:1224/133823.934:ERROR:fallback_task_provider.cc(124)] Every renderer should have at least one task provided by a primary task provider. If a "Renderer" fallback task is shown, it is a bug. If you have repro steps, please file a new bug and tag it as a dependency of crbug.com/739782.
Dec 24, 2022 13:40:15.333 [2952:2500:1224/134014.353:ERROR:fallback_task_provider.cc(124)] Every renderer should have at least one task provided by a primary task provider. If a "Renderer" fallback task is shown, it is a bug. If you have repro steps, please file a new bug and tag it as a dependency of crbug.com/739782.
Dec 24, 2022 13:41:39.789 [2952:2500:1224/134139.705:ERROR:fallback_task_provider.cc(124)] Every renderer should have at least one task provided by a primary task provider. If a "Renderer" fallback task is shown, it is a bug. If you have repro steps, please file a new bug and tag it as a dependency of crbug.com/739782.
Dec 24, 2022 13:43:00.180 [2952:2500:1224/134259.997:ERROR:fallback_task_provider.cc(124)] Every renderer should have at least one task provided by a primary task provider. If a "Renderer" fallback task is shown, it is a bug. If you have repro steps, please file a new bug and tag it as a dependency of crbug.com/739782.
Dec 24, 2022 13:43:15.31 [2952:2500:1224/134314.992:ERROR:fallback_task_provider.cc(124)] Every renderer should have at least one task provided by a primary task provider. If a "Renderer" fallback task is shown, it is a bug. If you have repro steps, please file a new bug and tag it as a dependency of crbug.com/739782.
Dec 24, 2022 13:43:35.101 [2952:2500:1224/134335.098:ERROR:fallback_task_provider.cc(124)] Every renderer should have at least one task provided by a primary task provider. If a "Renderer" fallback task is shown, it is a bug. If you have repro steps, please file a new bug and tag it as a dependency of crbug.com/739782.
Dec 24, 2022 13:44:15.334 [2952:2500:1224/134415.214:ERROR:fallback_task_provider.cc(124)] Every renderer should have at least one task provided by a primary task provider. If a "Renderer" fallback task is shown, it is a bug. If you have repro steps, please file a new bug and tag it as a dependency of crbug.com/739782.
Dec 24, 2022 13:45:35.367 [2952:2500:1224/134535.365:ERROR:fallback_task_provider.cc(124)] Every renderer should have at least one task provided by a primary task provider. If a "Renderer" fallback task is shown, it is a bug. If you have repro steps, please file a new bug and tag it as a dependency of crbug.com/739782.
Dec 24, 2022 13:46:30.858 [2952:2500:1224/134630.484:ERROR:fallback_task_provider.cc(124)] Every renderer should have at least one task provided by a primary task provider. If a "Renderer" fallback task is shown, it is a bug. If you have repro steps, please file a new bug and tag it as a dependency of crbug.com/739782.
Dec 24, 2022 13:57:02.816 [2952:2500:1224/135702.079:ERROR:fallback_task_provider.cc(124)] Every renderer should have at least one task provided by a primary task provider. If a "Renderer" fallback task is shown, it is a bug. If you have repro steps, please file a new bug and tag it as a dependency of crbug.com/739782.
Dec 24, 2022 13:58:17.785 [2952:2500:1224/135817.736:ERROR:fallback_task_provider.cc(124)] Every renderer should have at least one task provided by a primary task provider. If a "Renderer" fallback task is shown, it is a bug. If you have repro steps, please file a new bug and tag it as a dependency of crbug.com/739782.
Dec 24, 2022 23:44:32.564 [2952:10256:1224/234432.222:ERROR:util.cc(139)] Can't create base directory: C:\Program Files\Microsoft\EdgeUpdater
Dec 24, 2022 23:46:04.753 [2952:2500:1224/234603.073:ERROR:fallback_task_provider.cc(124)] Every renderer should have at least one task provided by a primary task provider. If a "Renderer" fallback task is shown, it is a bug. If you have repro steps, please file a new bug and tag it as a dependency of crbug.com/739782.
Dec 25, 2022 24:04:37.421 [2952:2500:1225/000435.869:ERROR:fallback_task_provider.cc(124)] Every renderer should have at least one task provided by a primary task provider. If a "Renderer" fallback task is shown, it is a bug. If you have repro steps, please file a new bug and tag it as a dependency of crbug.com/739782.
Dec 25, 2022 24:05:30.726 [2952:2500:1225/000530.579:ERROR:fallback_task_provider.cc(124)] Every renderer should have at least one task provided by a primary task provider. If a "Renderer" fallback task is shown, it is a bug. If you have repro steps, please file a new bug and tag it as a dependency of crbug.com/739782.
Dec 25, 2022 24:07:13.574 [2952:2500:1225/000712.223:ERROR:fallback_task_provider.cc(124)] Every renderer should have at least one task provided by a primary task provider. If a "Renderer" fallback task is shown, it is a bug. If you have repro steps, please file a new bug and tag it as a dependency of crbug.com/739782.
Dec 25, 2022 24:18:09.998 [2952:2500:1225/001808.739:ERROR:fallback_task_provider.cc(124)] Every renderer should have at least one task provided by a primary task provider. If a "Renderer" fallback task is shown, it is a bug. If you have repro steps, please file a new bug and tag it as a dependency of crbug.com/739782.
Dec 25, 2022 24:29:35.304 [2952:2500:1225/002935.114:ERROR:fallback_task_provider.cc(124)] Every renderer should have at least one task provided by a primary task provider. If a "Renderer" fallback task is shown, it is a bug. If you have repro steps, please file a new bug and tag it as a dependency of crbug.com/739782.
Dec 25, 2022 24:30:09.427 [2952:2500:1225/003008.942:ERROR:fallback_task_provider.cc(124)] Every renderer should have at least one task provided by a primary task provider. If a "Renderer" fallback task is shown, it is a bug. If you have repro steps, please file a new bug and tag it as a dependency of crbug.com/739782.
Dec 25, 2022 24:43:53.382 [2952:2500:1225/004352.302:ERROR:fallback_task_provider.cc(124)] Every renderer should have at least one task provided by a primary task provider. If a "Renderer" fallback task is shown, it is a bug. If you have repro steps, please file a new bug and tag it as a dependency of crbug.com/739782.
Dec 25, 2022 24:47:27.11 [2952:2500:1225/004726.710:ERROR:fallback_task_provider.cc(124)] Every renderer should have at least one task provided by a primary task provider. If a "Renderer" fallback task is shown, it is a bug. If you have repro steps, please file a new bug and tag it as a dependency of crbug.com/739782.
Dec 25, 2022 24:47:40.784 [2952:2500:1225/004740.783:ERROR:fallback_task_provider.cc(124)] Every renderer should have at least one task provided by a primary task provider. If a "Renderer" fallback task is shown, it is a bug. If you have repro steps, please file a new bug and tag it as a dependency of crbug.com/739782.
Dec 25, 2022 24:54:25.647 [2952:2500:1225/005423.941:ERROR:fallback_task_provider.cc(124)] Every renderer should have at least one task provided by a primary task provider. If a "Renderer" fallback task is shown, it is a bug. If you have repro steps, please file a new bug and tag it as a dependency of crbug.com/739782.
Dec 25, 2022 24:55:20.123 [2952:2500:1225/005518.912:ERROR:fallback_task_provider.cc(124)] Every renderer should have at least one task provided by a primary task provider. If a "Renderer" fallback task is shown, it is a bug. If you have repro steps, please file a new bug and tag it as a dependency of crbug.com/739782.
Dec 25, 2022 24:55:29.771 [2952:2500:1225/005529.770:ERROR:fallback_task_provider.cc(124)] Every renderer should have at least one task provided by a primary task provider. If a "Renderer" fallback task is shown, it is a bug. If you have repro steps, please file a new bug and tag it as a dependency of crbug.com/739782.
Dec 25, 2022 01:00:40.505 [2952:2500:1225/010039.570:ERROR:fallback_task_provider.cc(124)] Every renderer should have at least one task provided by a primary task provider. If a "Renderer" fallback task is shown, it is a bug. If you have repro steps, please file a new bug and tag it as a dependency of crbug.com/739782.
Dec 25, 2022 01:01:24.695 [2952:2500:1225/010124.668:ERROR:fallback_task_provider.cc(124)] Every renderer should have at least one task provided by a primary task provider. If a "Renderer" fallback task is shown, it is a bug. If you have repro steps, please file a new bug and tag it as a dependency of crbug.com/739782.
Dec 25, 2022 01:02:09.928 [2952:2500:1225/010209.771:ERROR:fallback_task_provider.cc(124)] Every renderer should have at least one task provided by a primary task provider. If a "Renderer" fallback task is shown, it is a bug. If you have repro steps, please file a new bug and tag it as a dependency of crbug.com/739782.
